[     429ms] [INFO] %cDownload the React DevTools for a better development experience: https://react.dev/link/react-devtools font-weight:bold @ http://localhost:3000/_next/static/chunks/node_modules_next_dist_115brz8._.js:2477
[     489ms] [LOG] [HMR] connected @ http://localhost:3000/_next/static/chunks/node_modules_next_dist_115brz8._.js:2477
[     628ms] [LOG] [Fast Refresh] rebuilding @ http://localhost:3000/_next/static/chunks/node_modules_next_dist_115brz8._.js:2477
[     674ms] [LOG] [Fast Refresh] done in 146ms @ http://localhost:3000/_next/static/chunks/node_modules_next_dist_115brz8._.js:2477
[   16500ms] [LOG] [Fast Refresh] rebuilding @ http://localhost:3000/_next/static/chunks/node_modules_next_dist_115brz8._.js:2477
[   16530ms] [LOG] [Fast Refresh] done in 134ms @ http://localhost:3000/_next/static/chunks/node_modules_next_dist_115brz8._.js:2477
[  138089ms] [LOG] [Fast Refresh] rebuilding @ http://localhost:3000/_next/static/chunks/node_modules_next_dist_115brz8._.js:2477
[  138529ms] [ERROR] ./app/globals.css
Error evaluating Node.js code
CssSyntaxError: /Users/sobhan/Desktop/nazarato/app/globals.css:175:1: Unclosed block
    [at error (turbopack:///[project]/node_modules/postcss/lib/input.js:135:16)]
    [at unclosedBlock (turbopack:///[project]/node_modules/postcss/lib/parser.js:575:22)]
    [at endFile (turbopack:///[project]/node_modules/postcss/lib/parser.js:335:35)]
    [at parse (turbopack:///[project]/node_modules/postcss/lib/parser.js:476:10)]
    [at parser (turbopack:///[project]/node_modules/postcss/lib/parse.js:11:12)]
    [at new LazyResult (turbopack:///[project]/node_modules/postcss/lib/lazy-result.js:165:16)]
    [at process (turbopack:///[project]/node_modules/postcss/lib/processor.js:53:14)]
    [at transform (turbopack:///[turbopack-node]/transforms/postcss.ts:70:51)]
    [at run (turbopack:///[turbopack-node]/child_process/evaluate.ts:89:29)]
    [at run (turbopack:///[turbopack-node]/child_process/evaluate.ts:112:11)]

Import trace:
  Client Component Browser:
    ./app/globals.css [Client Component Browser]
    ./app/layout.tsx [Server Component] @ http://localhost:3000/_next/static/chunks/node_modules_next_dist_115brz8._.js:3318
[  138688ms] [ERROR] ./app/globals.css
Error evaluating Node.js code
CssSyntaxError: /Users/sobhan/Desktop/nazarato/app/globals.css:175:1: Unclosed block
    [at error (turbopack:///[project]/node_modules/postcss/lib/input.js:135:16)]
    [at unclosedBlock (turbopack:///[project]/node_modules/postcss/lib/parser.js:575:22)]
    [at endFile (turbopack:///[project]/node_modules/postcss/lib/parser.js:335:35)]
    [at parse (turbopack:///[project]/node_modules/postcss/lib/parser.js:476:10)]
    [at parser (turbopack:///[project]/node_modules/postcss/lib/parse.js:11:12)]
    [at new LazyResult (turbopack:///[project]/node_modules/postcss/lib/lazy-result.js:165:16)]
    [at process (turbopack:///[project]/node_modules/postcss/lib/processor.js:53:14)]
    [at transform (turbopack:///[turbopack-node]/transforms/postcss.ts:70:51)]
    [at run (turbopack:///[turbopack-node]/child_process/evaluate.ts:89:29)]
    [at run (turbopack:///[turbopack-node]/child_process/evaluate.ts:112:11)]

Import trace:
  Client Component Browser:
    ./app/globals.css [Client Component Browser]
    ./app/layout.tsx [Server Component] @ http://localhost:3000/_next/static/chunks/node_modules_next_dist_115brz8._.js:3318
[  138739ms] [LOG] [Fast Refresh] rebuilding @ http://localhost:3000/_next/static/chunks/node_modules_next_dist_115brz8._.js:2477
[  149773ms] [LOG] [Fast Refresh] rebuilding @ http://localhost:3000/_next/static/chunks/node_modules_next_dist_115brz8._.js:2477
[  150342ms] [LOG] [Fast Refresh] done in 661ms @ http://localhost:3000/_next/static/chunks/node_modules_next_dist_115brz8._.js:2477
